SF:lib/shared/exceptions/app_error_exception.dart
DA:8,1
LF:1
LH:1
end_of_record
SF:lib/app_widget.dart
DA:19,11
DA:21,0
DA:23,0
DA:24,0
DA:26,0
DA:29,0
DA:35,0
DA:36,0
DA:39,0
DA:40,0
DA:41,0
DA:45,0
DA:46,0
DA:47,0
DA:48,0
DA:51,0
DA:52,0
DA:53,0
DA:54,0
DA:55,0
DA:56,0
LF:21
LH:1
end_of_record
SF:lib/domain/pokemon/entities/pokemon_list.dart
DA:2,4
DA:15,4
DA:24,1
DA:26,5
DA:28,1
DA:30,2
DA:31,2
DA:32,1
LF:8
LH:8
end_of_record
SF:lib/locator.dart
DA:18,0
DA:20,0
DA:21,0
DA:22,0
DA:24,0
DA:25,0
DA:27,0
DA:28,0
DA:29,0
DA:33,0
DA:34,0
DA:35,0
DA:39,0
DA:40,0
DA:41,0
DA:45,0
DA:46,0
DA:47,0
DA:51,0
DA:52,0
DA:53,0
DA:57,0
DA:58,0
DA:59,0
DA:63,0
DA:64,0
DA:65,0
DA:69,0
DA:70,0
DA:71,0
DA:75,0
DA:76,0
DA:77,0
DA:81,0
DA:82,0
DA:83,0
DA:87,0
DA:88,0
DA:89,0
DA:90,0
DA:94,0
DA:95,0
DA:96,0
DA:97,0
LF:44
LH:0
end_of_record
SF:lib/presentation/pokemon_abilities/cubit/pokemon_abilities_cubit.dart
DA:8,1
DA:9,2
DA:13,1
DA:14,2
DA:16,2
DA:17,2
DA:18,2
DA:20,2
LF:8
LH:8
end_of_record
SF:lib/presentation/pokemon_abilities/cubit/pokemon_abilities_state.dart
DA:12,2
LF:1
LH:1
end_of_record
SF:lib/presentation/pokemon_comments/cubit/pokemon_comment_cubit.dart
DA:11,0
DA:14,0
DA:16,0
DA:17,0
DA:23,0
DA:24,0
DA:26,0
DA:27,0
DA:28,0
DA:31,0
LF:10
LH:0
end_of_record
SF:lib/presentation/pokemon_comments/cubit/pokemon_comment_state.dart
DA:12,0
LF:1
LH:0
end_of_record
SF:lib/presentation/pokemon_details/pokemon_details_page.dart
DA:16,1
DA:33,1
DA:35,1
DA:36,1
DA:37,1
DA:38,3
DA:40,1
DA:41,1
DA:42,1
DA:43,1
DA:44,4
DA:46,1
DA:47,2
DA:48,3
DA:50,1
DA:51,1
DA:52,4
DA:54,1
DA:55,0
DA:56,0
DA:59,1
DA:60,1
DA:61,2
DA:62,1
DA:63,1
DA:64,1
DA:65,1
DA:66,1
DA:67,1
DA:68,1
DA:69,1
DA:70,1
DA:74,1
DA:75,2
DA:76,1
DA:78,1
DA:79,1
DA:85,1
DA:86,0
DA:87,0
DA:88,0
DA:89,0
DA:90,0
DA:97,1
DA:98,1
DA:100,1
DA:101,1
DA:102,0
DA:103,0
DA:108,1
DA:111,1
DA:112,1
DA:117,1
DA:119,1
DA:123,1
DA:125,1
DA:127,1
DA:128,0
DA:129,0
DA:130,0
DA:131,0
DA:134,0
DA:135,0
DA:141,1
DA:142,0
DA:143,0
DA:144,0
DA:145,0
LF:68
LH:49
end_of_record
SF:lib/presentation/pokemon_list/pokemon_list_page.dart
DA:11,12
DA:13,1
DA:14,1
DA:18,1
DA:20,1
DA:21,3
DA:22,2
DA:23,0
DA:24,0
DA:25,0
DA:26,0
DA:27,0
DA:37,1
DA:39,1
DA:45,1
DA:46,1
DA:47,1
DA:48,2
DA:49,1
DA:50,2
DA:51,1
DA:52,1
DA:53,1
DA:54,1
DA:55,1
DA:56,1
DA:57,1
DA:58,1
DA:60,3
DA:61,1
DA:62,3
DA:63,1
DA:64,1
DA:65,0
DA:66,0
DA:67,0
DA:69,1
DA:70,1
DA:71,1
DA:72,1
DA:74,2
DA:82,1
DA:83,1
DA:85,1
DA:86,1
LF:45
LH:37
end_of_record
SF:lib/presentation/pokemon_rating/cubit/pokemon_rating_state.dart
DA:12,0
LF:1
LH:0
end_of_record
SF:lib/presentation/pokemon_rating/cubit/pokemon_rating_cubit.dart
DA:9,0
DA:12,0
DA:17,0
DA:18,0
DA:20,0
DA:21,0
DA:23,0
DA:27,0
DA:31,0
LF:9
LH:0
end_of_record
SF:lib/presentation/splash/splash_page.dart
DA:8,11
DA:10,0
DA:12,0
DA:14,0
DA:16,0
DA:25,0
DA:27,0
DA:29,0
DA:30,0
DA:31,0
DA:36,0
DA:37,0
DA:39,0
DA:41,0
DA:42,0
LF:15
LH:1
end_of_record
SF:lib/presentation/pokemon_details/cubit/pokemon_detail_cubit.dart
DA:8,1
DA:9,2
DA:13,1
DA:14,2
DA:15,2
DA:16,2
DA:17,2
DA:19,2
LF:8
LH:8
end_of_record
SF:lib/presentation/pokemon_details/cubit/pokemon_detail_state.dart
DA:12,2
LF:1
LH:1
end_of_record
SF:lib/presentation/pokemon_list/cubit/pokemon_list_cubit.dart
DA:8,1
DA:9,2
DA:13,1
DA:15,2
DA:17,2
DA:18,2
DA:20,2
LF:7
LH:7
end_of_record
SF:lib/presentation/pokemon_list/cubit/pokemon_list_state.dart
DA:14,2
LF:1
LH:1
end_of_record
SF:lib/data/pokemon/mappers/pokemon_mapper.dart
DA:5,1
DA:6,1
DA:7,1
DA:8,1
DA:9,1
DA:11,6
LF:6
LH:6
end_of_record
SF:lib/data/pokemon/repositories/pokemon_local_repository.dart
DA:18,0
DA:20,0
DA:23,0
DA:25,0
DA:28,0
DA:30,0
DA:31,0
DA:32,0
DA:33,0
DA:38,0
DA:40,0
DA:42,0
DA:43,0
DA:44,0
DA:45,0
DA:50,0
DA:52,0
DA:53,0
DA:57,0
DA:59,0
LF:20
LH:0
end_of_record
SF:lib/domain/pokemon/entities/pokemon_comments.dart
DA:5,0
LF:1
LH:0
end_of_record
SF:lib/domain/pokemon/entities/pokemon_rating.dart
DA:5,0
LF:1
LH:0
end_of_record
SF:lib/data/pokemon/repositories/pokemon_remote_repository.dart
DA:18,0
DA:21,0
DA:23,0
DA:25,0
DA:27,0
DA:28,0
DA:32,0
DA:37,0
DA:41,0
DA:43,0
DA:44,0
DA:48,0
DA:53,0
DA:58,0
DA:60,0
DA:61,0
DA:65,0
LF:17
LH:0
end_of_record
SF:lib/domain/pokemon/entities/pokemon_abilities.dart
DA:2,3
DA:7,1
DA:8,3
DA:9,3
DA:10,1
DA:15,3
DA:22,1
DA:23,2
DA:24,3
DA:29,3
DA:36,1
DA:37,2
DA:38,2
LF:13
LH:13
end_of_record
SF:lib/domain/pokemon/entities/pokemon_details.dart
DA:2,3
DA:20,1
DA:21,1
DA:22,6
DA:23,2
DA:24,7
DA:25,7
DA:26,7
DA:27,2
DA:28,2
DA:33,2
DA:42,1
DA:43,3
DA:44,2
DA:45,2
DA:50,2
DA:57,1
DA:58,2
DA:59,2
DA:64,1
DA:73,1
DA:74,2
DA:75,2
DA:76,3
DA:81,1
DA:88,1
DA:89,2
DA:90,2
DA:95,1
DA:102,1
DA:103,2
DA:104,3
DA:109,1
DA:116,1
DA:117,2
DA:118,2
DA:123,3
DA:128,1
DA:129,3
DA:134,3
DA:141,1
DA:142,2
DA:143,2
LF:43
LH:43
end_of_record
SF:lib/domain/pokemon/usecases/get_pokemon_abilities_use_case.dart
DA:9,1
DA:13,1
DA:15,2
LF:3
LH:3
end_of_record
SF:lib/domain/pokemon/usecases/get_pokemon_comments_use_case.dart
DA:13,0
DA:14,0
DA:18,0
LF:3
LH:0
end_of_record
SF:lib/domain/pokemon/usecases/get_pokemon_detail_use_case.dart
DA:9,1
DA:13,1
DA:15,2
LF:3
LH:3
end_of_record
SF:lib/domain/pokemon/usecases/get_pokemon_rating_use_case.dart
DA:11,0
DA:12,0
DA:14,0
LF:3
LH:0
end_of_record
SF:lib/domain/pokemon/usecases/get_pokemons_use_case.dart
DA:9,1
DA:13,1
DA:15,1
DA:16,2
DA:20,0
DA:23,2
DA:24,2
DA:27,1
DA:28,1
DA:29,1
DA:30,1
LF:11
LH:10
end_of_record
SF:lib/domain/pokemon/usecases/save_pokemon_comment_use_case.dart
DA:13,0
DA:14,0
DA:19,0
LF:3
LH:0
end_of_record
SF:lib/domain/pokemon/usecases/save_pokemon_rating_use_case.dart
DA:14,0
DA:15,0
DA:20,0
DA:21,0
LF:4
LH:0
end_of_record
SF:lib/main.dart
DA:6,1
DA:7,1
DA:8,1
DA:9,0
DA:10,0
LF:5
LH:3
end_of_record
SF:lib/settings/hive_settings.dart
DA:8,1
DA:9,1
DA:10,0
DA:11,0
LF:4
LH:2
end_of_record
SF:lib/presentation/pokemon_details/widgets/comments_widget.dart
DA:7,0
DA:11,0
DA:13,0
DA:14,0
DA:15,0
DA:16,0
DA:18,0
DA:19,0
DA:20,0
DA:21,0
DA:24,0
DA:25,0
DA:38,0
DA:39,0
LF:14
LH:0
end_of_record
SF:lib/presentation/pokemon_details/widgets/pokemon_rating_widget.dart
DA:9,0
DA:15,0
DA:17,0
DA:19,0
DA:20,0
DA:22,0
DA:23,0
DA:24,0
DA:26,0
DA:27,0
DA:29,0
DA:33,0
DA:34,0
DA:39,0
DA:43,0
DA:44,0
DA:45,0
DA:47,0
DA:51,0
DA:52,0
LF:20
LH:0
end_of_record
SF:lib/presentation/pokemon_details/widgets/pokemon_success_widget.dart
DA:11,1
DA:15,1
DA:17,1
DA:18,2
DA:20,1
DA:21,1
DA:22,1
DA:24,1
DA:25,1
DA:26,1
DA:27,1
DA:29,1
DA:30,1
DA:31,1
DA:32,1
DA:33,2
DA:36,1
DA:37,1
DA:38,5
DA:39,1
DA:41,1
DA:49,1
DA:50,1
DA:52,1
DA:54,1
DA:55,1
DA:56,1
DA:60,1
DA:62,1
DA:63,1
DA:64,2
DA:65,1
DA:66,1
DA:67,1
DA:68,3
DA:69,1
DA:73,1
DA:76,1
DA:78,1
DA:82,1
DA:88,1
DA:90,1
DA:91,1
DA:93,1
DA:95,1
DA:96,1
DA:97,1
DA:98,3
DA:99,1
DA:103,1
DA:106,1
DA:108,1
DA:112,1
DA:118,1
DA:120,1
DA:121,1
DA:123,1
DA:125,1
DA:126,1
DA:127,1
DA:128,5
DA:129,1
DA:133,1
DA:136,1
DA:138,1
DA:142,1
DA:150,1
DA:151,1
DA:153,1
DA:154,1
DA:155,1
DA:156,1
DA:157,1
DA:158,1
DA:161,1
DA:162,1
DA:163,1
DA:167,1
DA:168,1
DA:170,1
DA:171,2
DA:172,1
DA:173,4
DA:174,1
DA:176,1
DA:180,1
DA:181,1
DA:186,0
DA:189,0
DA:192,0
DA:193,0
DA:200,1
DA:202,1
DA:203,1
DA:204,1
DA:208,1
DA:209,1
DA:211,3
DA:212,1
DA:213,2
DA:214,1
DA:217,1
DA:218,1
LF:103
LH:99
end_of_record
SF:lib/presentation/pokemon_details/widgets/sliver_app_bar.dart
DA:7,1
DA:11,1
DA:13,1
DA:14,1
DA:17,1
DA:19,3
DA:20,1
DA:21,1
DA:24,1
DA:26,1
DA:27,1
DA:28,1
DA:30,1
DA:31,3
DA:32,1
DA:34,1
DA:35,1
DA:39,1
DA:41,1
DA:42,2
DA:43,1
DA:44,3
DA:45,1
DA:46,3
DA:47,1
DA:48,1
LF:26
LH:26
end_of_record
SF:lib/presentation/pokemon_details/widgets/base_stats_widget.dart
DA:6,1
DA:11,1
DA:12,1
DA:13,2
DA:15,0
DA:18,1
DA:20,1
DA:21,2
DA:22,1
DA:23,1
DA:24,1
DA:25,1
DA:26,1
DA:27,1
DA:29,1
DA:30,1
DA:32,1
DA:36,1
DA:37,1
DA:39,1
DA:40,2
DA:41,1
DA:42,1
DA:46,1
DA:47,1
DA:49,1
DA:50,1
DA:51,2
DA:52,1
DA:53,2
LF:30
LH:29
end_of_record
