SF:lib/shared/exceptions/app_error_exception.dart
DA:8,1
LF:1
LH:1
end_of_record
SF:lib/app_widget.dart
DA:17,11
DA:19,1
DA:21,1
DA:22,1
DA:24,2
DA:27,1
DA:33,1
DA:34,2
DA:37,1
DA:38,1
DA:39,2
DA:43,1
DA:44,1
DA:45,0
DA:46,0
DA:49,0
DA:50,0
DA:51,0
DA:52,0
LF:19
LH:13
end_of_record
SF:lib/domain/pokemon/entities/pokemon_list.dart
DA:2,4
DA:15,4
DA:24,1
DA:26,5
DA:28,1
DA:30,2
DA:31,2
DA:32,1
LF:8
LH:8
end_of_record
SF:lib/locator.dart
DA:11,3
DA:13,1
DA:14,1
DA:15,1
DA:17,2
DA:18,0
DA:19,0
DA:23,2
DA:24,0
DA:25,0
DA:29,2
DA:30,0
DA:31,0
DA:35,2
DA:36,0
DA:37,0
DA:41,2
DA:42,0
DA:43,0
DA:47,2
DA:48,0
DA:49,0
LF:22
LH:10
end_of_record
SF:lib/presentation/pokemon_abilities/cubit/pokemon_abilities_cubit.dart
DA:8,1
DA:9,2
DA:13,1
DA:14,2
DA:15,1
DA:18,2
DA:19,2
DA:20,2
DA:22,2
LF:9
LH:9
end_of_record
SF:lib/presentation/pokemon_abilities/cubit/pokemon_abilities_state.dart
DA:12,2
LF:1
LH:1
end_of_record
SF:lib/presentation/pokemon_details/pokemon_details_page.dart
DA:14,1
DA:25,1
DA:27,1
DA:28,1
DA:29,1
DA:30,1
DA:31,1
DA:32,1
DA:35,1
DA:37,3
DA:38,1
DA:39,1
DA:42,1
DA:44,1
DA:45,1
DA:46,1
DA:48,1
DA:49,3
DA:50,1
DA:52,1
DA:53,1
DA:57,1
DA:59,1
DA:60,2
DA:61,1
DA:62,3
DA:63,1
DA:64,3
DA:65,1
DA:66,1
DA:77,1
DA:78,1
DA:79,1
DA:80,1
DA:81,4
DA:83,1
DA:84,2
DA:85,3
DA:88,1
DA:89,1
DA:90,1
DA:91,1
DA:92,1
DA:93,1
DA:94,1
DA:95,2
DA:97,1
DA:98,1
DA:99,1
DA:101,1
DA:102,1
DA:103,1
DA:104,1
DA:106,1
DA:107,1
DA:108,1
DA:109,1
DA:110,2
DA:113,1
DA:114,1
DA:115,5
DA:116,1
DA:118,1
DA:126,1
DA:127,1
DA:129,1
DA:131,1
DA:132,1
DA:133,1
DA:137,1
DA:139,1
DA:140,1
DA:141,2
DA:142,1
DA:143,1
DA:144,1
DA:145,3
DA:146,1
DA:150,1
DA:153,1
DA:155,1
DA:159,1
DA:165,1
DA:167,1
DA:168,1
DA:170,1
DA:172,1
DA:173,1
DA:174,1
DA:175,3
DA:176,1
DA:180,1
DA:183,1
DA:185,1
DA:189,1
DA:195,1
DA:197,1
DA:198,1
DA:200,1
DA:202,1
DA:203,1
DA:204,1
DA:205,5
DA:206,1
DA:210,1
DA:213,1
DA:215,1
DA:219,1
DA:227,1
DA:228,1
DA:230,1
DA:232,1
DA:233,1
DA:234,1
DA:238,1
DA:239,1
DA:241,3
DA:242,1
DA:243,2
DA:244,1
DA:251,1
DA:252,2
DA:253,1
DA:255,1
DA:256,1
DA:262,1
DA:263,1
DA:265,1
DA:266,1
DA:267,1
DA:268,1
DA:269,1
DA:270,1
DA:271,1
DA:273,1
DA:274,1
DA:275,1
DA:279,1
DA:280,1
DA:282,1
DA:283,2
DA:284,1
DA:285,4
DA:286,1
DA:288,1
DA:292,1
DA:293,1
DA:295,1
DA:297,1
DA:298,2
DA:299,1
DA:301,1
DA:302,1
DA:305,1
DA:309,1
DA:311,1
DA:312,2
DA:313,1
DA:319,1
DA:323,0
DA:330,1
DA:333,1
DA:336,1
DA:337,1
DA:344,1
DA:345,1
LF:166
LH:165
end_of_record
SF:lib/presentation/pokemon_list/pokemon_list_page.dart
DA:11,12
DA:13,1
DA:14,1
DA:18,1
DA:20,1
DA:21,3
DA:22,2
DA:23,0
DA:24,0
DA:25,0
DA:26,0
DA:27,0
DA:37,1
DA:39,1
DA:45,1
DA:46,1
DA:47,1
DA:48,2
DA:49,1
DA:50,2
DA:51,1
DA:52,1
DA:53,1
DA:54,1
DA:55,1
DA:56,1
DA:57,1
DA:58,1
DA:60,3
DA:61,1
DA:62,3
DA:63,1
DA:64,1
DA:65,0
DA:66,0
DA:67,0
DA:69,1
DA:70,1
DA:71,1
DA:72,1
DA:74,2
DA:82,1
DA:83,1
DA:85,1
DA:86,1
LF:45
LH:37
end_of_record
SF:lib/presentation/splash/splash_page.dart
DA:8,11
DA:10,1
DA:12,1
DA:14,0
DA:16,1
DA:25,1
DA:27,1
DA:29,1
DA:30,1
DA:31,1
DA:36,1
DA:37,1
DA:39,1
DA:41,1
DA:42,1
LF:15
LH:14
end_of_record
SF:lib/presentation/pokemon_details/cubit/pokemon_detail_cubit.dart
DA:8,1
DA:9,2
DA:13,1
DA:14,2
DA:15,1
DA:16,2
DA:17,2
DA:18,2
DA:20,2
LF:9
LH:9
end_of_record
SF:lib/presentation/pokemon_details/cubit/pokemon_detail_state.dart
DA:12,2
LF:1
LH:1
end_of_record
SF:lib/presentation/pokemon_list/cubit/pokemon_list_cubit.dart
DA:8,1
DA:9,2
DA:13,1
DA:15,2
DA:17,2
DA:18,2
DA:20,2
LF:7
LH:7
end_of_record
SF:lib/presentation/pokemon_list/cubit/pokemon_list_state.dart
DA:14,2
LF:1
LH:1
end_of_record
SF:lib/data/pokemon/mappers/pokemon_mapper.dart
DA:5,1
DA:6,1
DA:7,1
DA:8,1
DA:9,1
DA:11,6
LF:6
LH:6
end_of_record
SF:lib/data/pokemon/repositories/pokemon_remote_repository.dart
DA:17,0
DA:22,0
DA:24,0
DA:26,0
DA:27,0
DA:31,0
DA:36,0
DA:40,0
DA:42,0
DA:43,0
DA:47,0
DA:52,0
DA:57,0
DA:59,0
DA:60,0
DA:64,0
LF:16
LH:0
end_of_record
SF:lib/domain/pokemon/entities/pokemon_abilities.dart
DA:2,3
DA:7,1
DA:8,3
DA:9,3
DA:10,1
DA:15,3
DA:22,1
DA:23,2
DA:24,3
DA:29,3
DA:36,1
DA:37,2
DA:38,2
LF:13
LH:13
end_of_record
SF:lib/domain/pokemon/entities/pokemon_details.dart
DA:2,3
DA:20,1
DA:21,1
DA:22,6
DA:23,2
DA:24,7
DA:25,7
DA:26,7
DA:27,2
DA:28,2
DA:33,2
DA:42,1
DA:43,3
DA:44,2
DA:45,2
DA:50,2
DA:57,1
DA:58,2
DA:59,2
DA:64,1
DA:73,1
DA:74,2
DA:75,2
DA:76,3
DA:81,1
DA:88,1
DA:89,2
DA:90,2
DA:95,1
DA:102,1
DA:103,2
DA:104,3
DA:109,1
DA:116,1
DA:117,2
DA:118,2
DA:123,3
DA:128,1
DA:129,3
DA:134,3
DA:141,1
DA:142,2
DA:143,2
LF:43
LH:43
end_of_record
SF:lib/domain/pokemon/usecases/get_pokemon_abilities_use_case.dart
DA:9,1
DA:13,1
DA:15,2
LF:3
LH:3
end_of_record
SF:lib/domain/pokemon/usecases/get_pokemon_detail_use_case.dart
DA:9,1
DA:13,1
DA:15,2
LF:3
LH:3
end_of_record
SF:lib/domain/pokemon/usecases/get_pokemons_use_case.dart
DA:9,1
DA:13,1
DA:15,1
DA:16,2
DA:20,0
DA:23,2
DA:24,2
DA:27,1
DA:28,1
DA:29,1
DA:30,1
LF:11
LH:10
end_of_record
SF:lib/main.dart
DA:5,1
DA:6,1
DA:7,1
LF:3
LH:3
end_of_record
SF:lib/presentation/pokemon_details/widgets/base_stats_widget.dart
DA:6,1
DA:11,1
DA:12,1
DA:13,2
DA:15,0
DA:18,1
DA:20,1
DA:21,2
DA:22,1
DA:23,1
DA:24,1
DA:25,1
DA:26,1
DA:27,1
DA:29,1
DA:30,1
DA:32,1
DA:36,1
DA:37,1
DA:39,1
DA:40,2
DA:41,1
DA:42,1
DA:46,1
DA:47,1
DA:49,1
DA:50,1
DA:51,2
DA:52,1
DA:53,2
LF:30
LH:29
end_of_record
